<?xml version="1.0" encoding="UTF-8"?>
<testng-results skipped="0" failed="1" total="1" passed="0">
  <reporter-output>
  </reporter-output>
  <suite name="SmokeSuite" duration-ms="140144" started-at="2019-11-26T07:20:02Z" finished-at="2019-11-26T07:22:22Z">
    <groups>
      <group name="cucumber">
        <method signature="AbstractTestNGCucumberTests.runScenario(cucumber.api.testng.PickleEventWrapper, cucumber.api.testng.CucumberFeatureWrapper)[pri:0, instance:com.cucumber.framework.runner.CaseRoutingToCSORunner@69ea3742]" name="runScenario" class="cucumber.api.testng.AbstractTestNGCucumberTests"/>
      </group> <!-- cucumber -->
    </groups>
    <test name="TestDemo" duration-ms="140144" started-at="2019-11-26T07:20:02Z" finished-at="2019-11-26T07:22:22Z">
      <class name="com.cucumber.framework.runner.CaseRoutingToCSORunner">
        <test-method status="PASS" signature="setUpClass()[pri:0, instance:com.cucumber.framework.runner.CaseRoutingToCSORunner@69ea3742]" name="setUpClass" is-config="true" duration-ms="1638" started-at="2019-11-26T12:50:02Z" finished-at="2019-11-26T12:50:03Z">
          <reporter-output>
          </reporter-output>
        </test-method> <!-- setUpClass -->
        <test-method status="FAIL" signature="runScenario(cucumber.api.testng.PickleEventWrapper, cucumber.api.testng.CucumberFeatureWrapper)[pri:0, instance:com.cucumber.framework.runner.CaseRoutingToCSORunner@69ea3742]" name="runScenario" duration-ms="136692" started-at="2019-11-26T12:50:04Z" description="Runs Cucumber Scenarios" data-provider="scenarios" finished-at="2019-11-26T12:52:20Z">
          <params>
            <param index="0">
              <value>
                <![CDATA["Verify that the case is routing to specific user depends on product code"]]>
              </value>
            </param>
            <param index="1">
              <value>
                <![CDATA["Validate that the case is routing to specific user depends on product code"]]>
              </value>
            </param>
          </params>
          <exception class="org.openqa.selenium.StaleElementReferenceException">
            <message>
              <![CDATA[stale element reference: element is not attached to the page document
  (Session info: chrome=78.0.3904.97)
  (Driver info: chromedriver=2.39.562718 (9a2698cba08cf5a471a29d30c8b3e12becabb0e9),platform=Windows NT 10.0.17763 x86_64) (WARNING: The server did not provide any stacktrace information)
Command duration or timeout: 0 milliseconds
For documentation on this error, please visit: http://seleniumhq.org/exceptions/stale_element_reference.html
Build info: version: '3.5.1', revision: '9c21bb67ef', time: '2017-08-17T15:26:08.955Z'
System info: host: 'AOVTHBS000190', ip: '10.88.37.209', os.name: 'Windows 10', os.arch: 'amd64', os.version: '10.0', java.version: '1.8.0_231'
Driver info: org.openqa.selenium.chrome.ChromeDriver
Capabilities [{mobileEmulationEnabled=false, hasTouchScreen=false, platform=XP, acceptSslCerts=false, acceptInsecureCerts=false, webStorageEnabled=true, browserName=chrome, takesScreenshot=true, javascriptEnabled=true, setWindowRect=true, unexpectedAlertBehaviour=, applicationCacheEnabled=false, rotatable=false, networkConnectionEnabled=false, chrome={chromedriverVersion=2.39.562718 (9a2698cba08cf5a471a29d30c8b3e12becabb0e9), userDataDir=C:\Users\807373\AppData\Local\Temp\1\scoped_dir7992_26531}, takesHeapSnapshot=true, pageLoadStrategy=normal, unhandledPromptBehavior=, databaseEnabled=false, handlesAlerts=true, version=78.0.3904.97, browserConnectionEnabled=false, nativeEvents=true, locationContextEnabled=true, cssSelectorsEnabled=true}]
Session ID: 7402a3ae427180a05b4bab2881858c7c]]>
            </message>
            <full-stacktrace>
              <![CDATA[org.openqa.selenium.StaleElementReferenceException: stale element reference: element is not attached to the page document
  (Session info: chrome=78.0.3904.97)
  (Driver info: chromedriver=2.39.562718 (9a2698cba08cf5a471a29d30c8b3e12becabb0e9),platform=Windows NT 10.0.17763 x86_64) (WARNING: The server did not provide any stacktrace information)
Command duration or timeout: 0 milliseconds
For documentation on this error, please visit: http://seleniumhq.org/exceptions/stale_element_reference.html
Build info: version: '3.5.1', revision: '9c21bb67ef', time: '2017-08-17T15:26:08.955Z'
System info: host: 'AOVTHBS000190', ip: '10.88.37.209', os.name: 'Windows 10', os.arch: 'amd64', os.version: '10.0', java.version: '1.8.0_231'
Driver info: org.openqa.selenium.chrome.ChromeDriver
Capabilities [{mobileEmulationEnabled=false, hasTouchScreen=false, platform=XP, acceptSslCerts=false, acceptInsecureCerts=false, webStorageEnabled=true, browserName=chrome, takesScreenshot=true, javascriptEnabled=true, setWindowRect=true, unexpectedAlertBehaviour=, applicationCacheEnabled=false, rotatable=false, networkConnectionEnabled=false, chrome={chromedriverVersion=2.39.562718 (9a2698cba08cf5a471a29d30c8b3e12becabb0e9), userDataDir=C:\Users\807373\AppData\Local\Temp\1\scoped_dir7992_26531}, takesHeapSnapshot=true, pageLoadStrategy=normal, unhandledPromptBehavior=, databaseEnabled=false, handlesAlerts=true, version=78.0.3904.97, browserConnectionEnabled=false, nativeEvents=true, locationContextEnabled=true, cssSelectorsEnabled=true}]
Session ID: 7402a3ae427180a05b4bab2881858c7c
	at sun.reflect.NativeConstructorAccessorImpl.newInstance0(Native Method)
	at sun.reflect.NativeConstructorAccessorImpl.newInstance(NativeConstructorAccessorImpl.java:62)
	at sun.reflect.DelegatingConstructorAccessorImpl.newInstance(DelegatingConstructorAccessorImpl.java:45)
	at java.lang.reflect.Constructor.newInstance(Constructor.java:423)
	at org.openqa.selenium.remote.ErrorHandler.createThrowable(ErrorHandler.java:215)
	at org.openqa.selenium.remote.ErrorHandler.throwIfResponseFailed(ErrorHandler.java:167)
	at org.openqa.selenium.remote.http.JsonHttpResponseCodec.reconstructValue(JsonHttpResponseCodec.java:40)
	at org.openqa.selenium.remote.http.AbstractHttpResponseCodec.decode(AbstractHttpResponseCodec.java:82)
	at org.openqa.selenium.remote.http.AbstractHttpResponseCodec.decode(AbstractHttpResponseCodec.java:45)
	at org.openqa.selenium.remote.HttpCommandExecutor.execute(HttpCommandExecutor.java:164)
	at org.openqa.selenium.remote.service.DriverCommandExecutor.execute(DriverCommandExecutor.java:82)
	at org.openqa.selenium.remote.RemoteWebDriver.execute(RemoteWebDriver.java:641)
	at org.openqa.selenium.remote.RemoteWebDriver.executeScript(RemoteWebDriver.java:577)
	at com.cucumber.framework.PageObjects.CaseRoutingToCSOPage.VerifyTheCaseRouting(CaseRoutingToCSOPage.java:206)
	at com.cucumber.framework.stepDef.CaseRoutingToCSOTest.open_the_case_and_verify_that_the_case_is_created_and_routed_to_user_properly(CaseRoutingToCSOTest.java:59)
	at ✽.Open the case and verify that the case is created and routed to user properly.(featurefiles/CaseRoutingToCSO.feature:13)
]]>
            </full-stacktrace>
          </exception> <!-- org.openqa.selenium.StaleElementReferenceException -->
          <reporter-output>
          </reporter-output>
        </test-method> <!-- runScenario -->
        <test-method status="PASS" signature="tearDownClass()[pri:0, instance:com.cucumber.framework.runner.CaseRoutingToCSORunner@69ea3742]" name="tearDownClass" is-config="true" duration-ms="1483" started-at="2019-11-26T12:52:20Z" finished-at="2019-11-26T12:52:22Z">
          <reporter-output>
          </reporter-output>
        </test-method> <!-- tearDownClass -->
      </class> <!-- com.cucumber.framework.runner.CaseRoutingToCSORunner -->
    </test> <!-- TestDemo -->
  </suite> <!-- SmokeSuite -->
</testng-results>
